<?xml version="1.0" encoding="UTF-8"?>
<!-- Generated by org.testng.reporters.JUnitXMLReporter -->
<testsuite ignored="38" hostname="IN-6C1D5S3" failures="3" tests="20" name="Surefire test" time="176.86" errors="0" timestamp="2024-06-16T23:35:17 IST">
  <testcase classname="testcases.AddToCartTest" name="addToCartTest" time="6.159"/>
  <testcase classname="testcases.CheckMoreTest" name="checkMore" time="1.608"/>
  <testcase classname="testcases.CheckPaginationTest" name="checkPagination" time="4.968"/>
  <testcase classname="testcases.ClearFilterTest" name="clearFilterTest" time="1.841">
    <failure type="org.openqa.selenium.StaleElementReferenceException" message="stale element reference: stale element not found in the current frame
  (Session info: chrome=125.0.6422.142)
For documentation on this error, please visit: https://www.selenium.dev/documentation/webdriver/troubleshooting/errors#stale-element-reference-exception
Build info: version: &amp;apos;4.21.0&amp;apos;, revision: &amp;apos;79ed462ef4&amp;apos;
System info: os.name: &amp;apos;Windows 11&amp;apos;, os.arch: &amp;apos;amd64&amp;apos;, os.version: &amp;apos;10.0&amp;apos;, java.version: &amp;apos;17.0.6&amp;apos;
Driver info: org.openqa.selenium.chrome.ChromeDriver
Command: [eb75ec8c5f552250774add5a539cb23f, sendKeysToElement {id=f.8845C18F852AE8BF484A96E008358B16.d.6C6FB0B899326EEA6F385F818570F6A4.e.1, value=[Ljava.lang.CharSequence;@603cabc4}]
Capabilities {acceptInsecureCerts: false, browserName: chrome, browserVersion: 125.0.6422.142, chrome: {chromedriverVersion: 125.0.6422.141 (4b1e8393712..., userDataDir: C:\Users\MUKULC~1\AppData\L...}, fedcm:accounts: true, goog:chromeOptions: {debuggerAddress: localhost:60429}, networkConnectionEnabled: false, pageLoadStrategy: normal, platformName: windows, proxy: Proxy(), se:cdp: ws://localhost:60429/devtoo..., se:cdpVersion: 125.0.6422.142, setWindowRect: true, strictFileInteractability: false, timeouts: {implicit: 0, pageLoad: 300000, script: 30000}, unhandledPromptBehavior: dismiss and notify, webauthn:extension:credBlob: true, webauthn:extension:largeBlob: true, webauthn:extension:minPinLength: true, webauthn:extension:prf: true, webauthn:virtualAuthenticators: true}
Element: [[ChromeDriver: chrome on windows (eb75ec8c5f552250774add5a539cb23f)] -&amp;gt; css selector: input[title=&amp;quot;Search for Products, Brands and More&amp;quot;]]
Session ID: eb75ec8c5f552250774add5a539cb23f">
      <![CDATA[org.openqa.selenium.StaleElementReferenceException: stale element reference: stale element not found in the current frame
  (Session info: chrome=125.0.6422.142)
For documentation on this error, please visit: https://www.selenium.dev/documentation/webdriver/troubleshooting/errors#stale-element-reference-exception
Build info: version: '4.21.0', revision: '79ed462ef4'
System info: os.name: 'Windows 11', os.arch: 'amd64', os.version: '10.0', java.version: '17.0.6'
Driver info: org.openqa.selenium.chrome.ChromeDriver
Command: [eb75ec8c5f552250774add5a539cb23f, sendKeysToElement {id=f.8845C18F852AE8BF484A96E008358B16.d.6C6FB0B899326EEA6F385F818570F6A4.e.1, value=[Ljava.lang.CharSequence;@603cabc4}]
Capabilities {acceptInsecureCerts: false, browserName: chrome, browserVersion: 125.0.6422.142, chrome: {chromedriverVersion: 125.0.6422.141 (4b1e8393712..., userDataDir: C:\Users\MUKULC~1\AppData\L...}, fedcm:accounts: true, goog:chromeOptions: {debuggerAddress: localhost:60429}, networkConnectionEnabled: false, pageLoadStrategy: normal, platformName: windows, proxy: Proxy(), se:cdp: ws://localhost:60429/devtoo..., se:cdpVersion: 125.0.6422.142, setWindowRect: true, strictFileInteractability: false, timeouts: {implicit: 0, pageLoad: 300000, script: 30000}, unhandledPromptBehavior: dismiss and notify, webauthn:extension:credBlob: true, webauthn:extension:largeBlob: true, webauthn:extension:minPinLength: true, webauthn:extension:prf: true, webauthn:virtualAuthenticators: true}
Element: [[ChromeDriver: chrome on windows (eb75ec8c5f552250774add5a539cb23f)] -> css selector: input[title="Search for Products, Brands and More"]]
Session ID: eb75ec8c5f552250774add5a539cb23f
at org.openqa.selenium.remote.ErrorCodec.decode(ErrorCodec.java:167)
at org.openqa.selenium.remote.codec.w3c.W3CHttpResponseCodec.decode(W3CHttpResponseCodec.java:138)
at org.openqa.selenium.remote.codec.w3c.W3CHttpResponseCodec.decode(W3CHttpResponseCodec.java:50)
at org.openqa.selenium.remote.HttpCommandExecutor.execute(HttpCommandExecutor.java:190)
at org.openqa.selenium.remote.service.DriverCommandExecutor.invokeExecute(DriverCommandExecutor.java:216)
at org.openqa.selenium.remote.service.DriverCommandExecutor.execute(DriverCommandExecutor.java:174)
at org.openqa.selenium.remote.RemoteWebDriver.execute(RemoteWebDriver.java:518)
at org.openqa.selenium.remote.RemoteWebElement.execute(RemoteWebElement.java:223)
at org.openqa.selenium.remote.RemoteWebElement.sendKeys(RemoteWebElement.java:110)
at pages.HomePage.searchForProduct(HomePage.java:31)
at testcases.ClearFilterTest.clearFilterTest(ClearFilterTest.java:17)
at java.base/java.util.ArrayList.forEach(ArrayList.java:1511)
... Removed 37 stack frames]]>
    </failure>
  </testcase> <!-- clearFilterTest -->
  <testcase classname="testcases.FilterByAmountTest" name="filterByAmount" time="4.807"/>
  <testcase classname="testcases.FilterByBrandTest" name="filterByBrand" time="6.75"/>
  <testcase classname="testcases.GiftCardPageTest" name="giftCardPage" time="5.952"/>
  <testcase classname="testcases.HomePageLogoFailTest" name="homePageLogoFail" time="0.016">
    <failure type="java.lang.AssertionError" message="expected [Failed test case] but found [Online Shopping Site for Mobiles, Electronics, Furniture, Grocery, Lifestyle, Books &amp;amp; More. Best Offers!]">
      <![CDATA[java.lang.AssertionError: expected [Failed test case] but found [Online Shopping Site for Mobiles, Electronics, Furniture, Grocery, Lifestyle, Books & More. Best Offers!]
at testcases.HomePageLogoFailTest.homePageLogoFail(HomePageLogoFailTest.java:11)
at java.base/java.util.ArrayList.forEach(ArrayList.java:1511)
... Removed 38 stack frames]]>
    </failure>
  </testcase> <!-- homePageLogoFail -->
  <testcase classname="testcases.HomePageLogoTest" name="homePageLogo" time="0.017"/>
  <testcase classname="testcases.InvalidSearchTest" name="invalidSearch" time="2.188"/>
  <testcase classname="testcases.LoginTest" name="login" time="2.552"/>
  <testcase classname="testcases.PlaceOrderTest" name="placeOrder" time="7.508"/>
  <testcase classname="testcases.RemoveFromCartTest" name="removeFromCartTest" time="6.173"/>
  <testcase classname="testcases.SearchForProductTest" name="searchForProduct" time="2.469"/>
  <testcase classname="testcases.SelectCategoryTest" name="selectCategory" time="1.799"/>
  <testcase classname="testcases.SortLowToHighTest" name="sortLowToHigh" time="3.507"/>
  <testcase classname="testcases.UpdateCartCountTest" name="updateCartCount" time="6.57"/>
  <testcase classname="testcases.ValidateProductTest" name="validateProduct" time="5.05"/>
  <testcase classname="testcases.ValidateRatingsTest" name="validateRatings" time="9.504">
    <failure type="org.openqa.selenium.NoSuchElementException" message="no such element: Unable to locate element: {&amp;quot;method&amp;quot;:&amp;quot;css selector&amp;quot;,&amp;quot;selector&amp;quot;:&amp;quot;.Y1HWO0&amp;quot;}
  (Session info: chrome=125.0.6422.142)
For documentation on this error, please visit: https://www.selenium.dev/documentation/webdriver/troubleshooting/errors#no-such-element-exception
Build info: version: &amp;apos;4.21.0&amp;apos;, revision: &amp;apos;79ed462ef4&amp;apos;
System info: os.name: &amp;apos;Windows 11&amp;apos;, os.arch: &amp;apos;amd64&amp;apos;, os.version: &amp;apos;10.0&amp;apos;, java.version: &amp;apos;17.0.6&amp;apos;
Driver info: org.openqa.selenium.chrome.ChromeDriver
Command: [cda6d16a2393784c85e98e60e41fe8ab, findElement {using=class name, value=Y1HWO0}]
Capabilities {acceptInsecureCerts: false, browserName: chrome, browserVersion: 125.0.6422.142, chrome: {chromedriverVersion: 125.0.6422.141 (4b1e8393712..., userDataDir: C:\Users\MUKULC~1\AppData\L...}, fedcm:accounts: true, goog:chromeOptions: {debuggerAddress: localhost:61206}, networkConnectionEnabled: false, pageLoadStrategy: normal, platformName: windows, proxy: Proxy(), se:cdp: ws://localhost:61206/devtoo..., se:cdpVersion: 125.0.6422.142, setWindowRect: true, strictFileInteractability: false, timeouts: {implicit: 0, pageLoad: 300000, script: 30000}, unhandledPromptBehavior: dismiss and notify, webauthn:extension:credBlob: true, webauthn:extension:largeBlob: true, webauthn:extension:minPinLength: true, webauthn:extension:prf: true, webauthn:virtualAuthenticators: true}
Session ID: cda6d16a2393784c85e98e60e41fe8ab">
      <![CDATA[org.openqa.selenium.NoSuchElementException: no such element: Unable to locate element: {"method":"css selector","selector":".Y1HWO0"}
  (Session info: chrome=125.0.6422.142)
For documentation on this error, please visit: https://www.selenium.dev/documentation/webdriver/troubleshooting/errors#no-such-element-exception
Build info: version: '4.21.0', revision: '79ed462ef4'
System info: os.name: 'Windows 11', os.arch: 'amd64', os.version: '10.0', java.version: '17.0.6'
Driver info: org.openqa.selenium.chrome.ChromeDriver
Command: [cda6d16a2393784c85e98e60e41fe8ab, findElement {using=class name, value=Y1HWO0}]
Capabilities {acceptInsecureCerts: false, browserName: chrome, browserVersion: 125.0.6422.142, chrome: {chromedriverVersion: 125.0.6422.141 (4b1e8393712..., userDataDir: C:\Users\MUKULC~1\AppData\L...}, fedcm:accounts: true, goog:chromeOptions: {debuggerAddress: localhost:61206}, networkConnectionEnabled: false, pageLoadStrategy: normal, platformName: windows, proxy: Proxy(), se:cdp: ws://localhost:61206/devtoo..., se:cdpVersion: 125.0.6422.142, setWindowRect: true, strictFileInteractability: false, timeouts: {implicit: 0, pageLoad: 300000, script: 30000}, unhandledPromptBehavior: dismiss and notify, webauthn:extension:credBlob: true, webauthn:extension:largeBlob: true, webauthn:extension:minPinLength: true, webauthn:extension:prf: true, webauthn:virtualAuthenticators: true}
Session ID: cda6d16a2393784c85e98e60e41fe8ab
at org.openqa.selenium.remote.ErrorCodec.decode(ErrorCodec.java:167)
at org.openqa.selenium.remote.codec.w3c.W3CHttpResponseCodec.decode(W3CHttpResponseCodec.java:138)
at org.openqa.selenium.remote.codec.w3c.W3CHttpResponseCodec.decode(W3CHttpResponseCodec.java:50)
at org.openqa.selenium.remote.HttpCommandExecutor.execute(HttpCommandExecutor.java:190)
at org.openqa.selenium.remote.service.DriverCommandExecutor.invokeExecute(DriverCommandExecutor.java:216)
at org.openqa.selenium.remote.service.DriverCommandExecutor.execute(DriverCommandExecutor.java:174)
at org.openqa.selenium.remote.RemoteWebDriver.execute(RemoteWebDriver.java:518)
at org.openqa.selenium.remote.ElementLocation$ElementFinder$2.findElement(ElementLocation.java:165)
at org.openqa.selenium.remote.ElementLocation.findElement(ElementLocation.java:59)
at org.openqa.selenium.remote.RemoteWebDriver.findElement(RemoteWebDriver.java:355)
at org.openqa.selenium.remote.RemoteWebDriver.findElement(RemoteWebDriver.java:349)
at pages.ProductPage.getRating(ProductPage.java:34)
at testcases.ValidateRatingsTest.validateRatings(ValidateRatingsTest.java:26)
at java.base/java.util.ArrayList.forEach(ArrayList.java:1511)
... Removed 37 stack frames]]>
    </failure>
  </testcase> <!-- validateRatings -->
  <testcase classname="testcases.ValidateSpecificationTest" name="validateSpecification" time="5.09"/>
  <testcase classname="pages.BasePage" name="@AfterSuite finishReport" time="0.0">
    <ignored/>
  </testcase> <!-- @AfterSuite finishReport -->
  <testcase classname="pages.BasePage" name="@AfterSuite finishReport" time="0.0">
    <ignored/>
  </testcase> <!-- @AfterSuite finishReport -->
  <testcase classname="pages.BasePage" name="@AfterSuite finishReport" time="0.0">
    <ignored/>
  </testcase> <!-- @AfterSuite finishReport -->
  <testcase classname="pages.BasePage" name="@AfterSuite finishReport" time="0.0">
    <ignored/>
  </testcase> <!-- @AfterSuite finishReport -->
  <testcase classname="pages.BasePage" name="@AfterSuite finishReport" time="0.0">
    <ignored/>
  </testcase> <!-- @AfterSuite finishReport -->
  <testcase classname="pages.BasePage" name="@AfterSuite finishReport" time="0.0">
    <ignored/>
  </testcase> <!-- @AfterSuite finishReport -->
  <testcase classname="pages.BasePage" name="@AfterSuite finishReport" time="0.0">
    <ignored/>
  </testcase> <!-- @AfterSuite finishReport -->
  <testcase classname="pages.BasePage" name="@BeforeSuite setup" time="0.0">
    <ignored/>
  </testcase> <!-- @BeforeSuite setup -->
  <testcase classname="pages.BasePage" name="@BeforeSuite setup" time="0.0">
    <ignored/>
  </testcase> <!-- @BeforeSuite setup -->
  <testcase classname="pages.BasePage" name="@AfterSuite finishReport" time="0.0">
    <ignored/>
  </testcase> <!-- @AfterSuite finishReport -->
  <testcase classname="pages.BasePage" name="@BeforeSuite setup" time="0.0">
    <ignored/>
  </testcase> <!-- @BeforeSuite setup -->
  <testcase classname="pages.BasePage" name="@BeforeSuite setup" time="0.0">
    <ignored/>
  </testcase> <!-- @BeforeSuite setup -->
  <testcase classname="pages.BasePage" name="@BeforeSuite setup" time="0.0">
    <ignored/>
  </testcase> <!-- @BeforeSuite setup -->
  <testcase classname="pages.BasePage" name="@BeforeSuite setup" time="0.0">
    <ignored/>
  </testcase> <!-- @BeforeSuite setup -->
  <testcase classname="pages.BasePage" name="@AfterSuite finishReport" time="0.0">
    <ignored/>
  </testcase> <!-- @AfterSuite finishReport -->
  <testcase classname="pages.BasePage" name="@AfterSuite finishReport" time="0.0">
    <ignored/>
  </testcase> <!-- @AfterSuite finishReport -->
  <testcase classname="pages.BasePage" name="@BeforeSuite setup" time="0.0">
    <ignored/>
  </testcase> <!-- @BeforeSuite setup -->
  <testcase classname="pages.BasePage" name="@BeforeSuite setup" time="0.0">
    <ignored/>
  </testcase> <!-- @BeforeSuite setup -->
  <testcase classname="pages.BasePage" name="@BeforeSuite setup" time="0.0">
    <ignored/>
  </testcase> <!-- @BeforeSuite setup -->
  <testcase classname="pages.BasePage" name="@AfterSuite finishReport" time="0.0">
    <ignored/>
  </testcase> <!-- @AfterSuite finishReport -->
  <testcase classname="pages.BasePage" name="@BeforeSuite setup" time="0.0">
    <ignored/>
  </testcase> <!-- @BeforeSuite setup -->
  <testcase classname="pages.BasePage" name="@AfterSuite finishReport" time="0.0">
    <ignored/>
  </testcase> <!-- @AfterSuite finishReport -->
  <testcase classname="pages.BasePage" name="@AfterSuite finishReport" time="0.0">
    <ignored/>
  </testcase> <!-- @AfterSuite finishReport -->
  <testcase classname="pages.BasePage" name="@BeforeSuite setup" time="0.0">
    <ignored/>
  </testcase> <!-- @BeforeSuite setup -->
  <testcase classname="pages.BasePage" name="@AfterSuite finishReport" time="0.0">
    <ignored/>
  </testcase> <!-- @AfterSuite finishReport -->
  <testcase classname="pages.BasePage" name="@AfterSuite finishReport" time="0.0">
    <ignored/>
  </testcase> <!-- @AfterSuite finishReport -->
  <testcase classname="pages.BasePage" name="@BeforeSuite setup" time="0.0">
    <ignored/>
  </testcase> <!-- @BeforeSuite setup -->
  <testcase classname="pages.BasePage" name="@BeforeSuite setup" time="0.0">
    <ignored/>
  </testcase> <!-- @BeforeSuite setup -->
  <testcase classname="pages.BasePage" name="@BeforeSuite setup" time="0.0">
    <ignored/>
  </testcase> <!-- @BeforeSuite setup -->
  <testcase classname="pages.BasePage" name="@BeforeSuite setup" time="0.0">
    <ignored/>
  </testcase> <!-- @BeforeSuite setup -->
  <testcase classname="pages.BasePage" name="@AfterSuite finishReport" time="0.0">
    <ignored/>
  </testcase> <!-- @AfterSuite finishReport -->
  <testcase classname="pages.BasePage" name="@BeforeSuite setup" time="0.0">
    <ignored/>
  </testcase> <!-- @BeforeSuite setup -->
  <testcase classname="pages.BasePage" name="@BeforeSuite setup" time="0.0">
    <ignored/>
  </testcase> <!-- @BeforeSuite setup -->
  <testcase classname="pages.BasePage" name="@BeforeSuite setup" time="0.0">
    <ignored/>
  </testcase> <!-- @BeforeSuite setup -->
  <testcase classname="pages.BasePage" name="@AfterSuite finishReport" time="0.0">
    <ignored/>
  </testcase> <!-- @AfterSuite finishReport -->
  <testcase classname="pages.BasePage" name="@AfterSuite finishReport" time="0.0">
    <ignored/>
  </testcase> <!-- @AfterSuite finishReport -->
  <testcase classname="pages.BasePage" name="@AfterSuite finishReport" time="0.0">
    <ignored/>
  </testcase> <!-- @AfterSuite finishReport -->
  <testcase classname="pages.BasePage" name="@BeforeSuite setup" time="0.0">
    <ignored/>
  </testcase> <!-- @BeforeSuite setup -->
</testsuite> <!-- Surefire test -->
