<html>
<head>
<title>TestNG:  Test</title>
<link href="../testng.css" rel="stylesheet" type="text/css" />
<link href="../my-testng.css" rel="stylesheet" type="text/css" />

<style type="text/css">
.log { display: none;} 
.stack-trace { display: none;} 
</style>
<script type="text/javascript">
<!--
function flip(e) {
  current = e.style.display;
  if (current == 'block') {
    e.style.display = 'none';
    return 0;
  }
  else {
    e.style.display = 'block';
    return 1;
  }
}

function toggleBox(szDivId, elem, msg1, msg2)
{
  var res = -1;  if (document.getElementById) {
    res = flip(document.getElementById(szDivId));
  }
  else if (document.all) {
    // this is the way old msie versions work
    res = flip(document.all[szDivId]);
  }
  if(elem) {
    if(res == 0) elem.innerHTML = msg1; else elem.innerHTML = msg2;
  }

}

function toggleAllBoxes() {
  if (document.getElementsByTagName) {
    d = document.getElementsByTagName('div');
    for (i = 0; i < d.length; i++) {
      if (d[i].className == 'log') {
        flip(d[i]);
      }
    }
  }
}

// -->
</script>

</head>
<body>
<h2 align='center'>Test</h2><table border='1' align="center">
<tr>
<td>Tests passed/Failed/Skipped:</td><td>19/1/0</td>
</tr><tr>
<td>Started on:</td><td>Mon Jun 17 02:35:13 IST 2024</td>
</tr>
<tr><td>Total time:</td><td>225 seconds (225065 ms)</td>
</tr><tr>
<td>Included groups:</td><td></td>
</tr><tr>
<td>Excluded groups:</td><td></td>
</tr>
</table><p/>
<small><i>(Hover the method name to see the test class name)</i></small><p/>
<table width='100%' border='1' class='invocation-failed'>
<tr><td colspan='4' align='center'><b>FAILED TESTS</b></td></tr>
<tr><td><b>Test method</b></td>
<td><b>Attribute(s)</b></td>
<td width="30%"><b>Exception</b></td>
<td width="10%"><b>Time (seconds)</b></td>
<td><b>Instance</b></td>
</tr>
<tr>
<td title='testcases.HomePageLogoFailTest.homePageLogoFail()'><b>homePageLogoFail</b><br>Test class: testcases.HomePageLogoFailTest</td>
<td><div><pre>java.lang.AssertionError: expected [Failed test case] but found [Online Shopping Site for Mobiles, Electronics, Furniture, Grocery, Lifestyle, Books &amp; More. Best Offers!]
	at testcases.HomePageLogoFailTest.homePageLogoFail(HomePageLogoFailTest.java:11)
	at java.base/java.util.ArrayList.forEach(ArrayList.java:1511)
... Removed 33 stack frames</pre></div><a href='#' onClick='toggleBox("stack-trace1855297340", this, "Click to show all stack frames", "Click to hide stack frames")'>Click to show all stack frames</a>
<div class='stack-trace' id='stack-trace1855297340'><pre>java.lang.AssertionError: expected [Failed test case] but found [Online Shopping Site for Mobiles, Electronics, Furniture, Grocery, Lifestyle, Books &amp; More. Best Offers!]
	at org.testng.Assert.fail(Assert.java:111)
	at org.testng.Assert.failNotEquals(Assert.java:1578)
	at org.testng.Assert.assertEqualsImpl(Assert.java:150)
	at org.testng.Assert.assertEquals(Assert.java:132)
	at org.testng.Assert.assertEquals(Assert.java:656)
	at org.testng.Assert.assertEquals(Assert.java:666)
	at testcases.HomePageLogoFailTest.homePageLogoFail(HomePageLogoFailTest.java:11)
	at java.base/jdk.internal.reflect.NativeMethodAccessorImpl.invoke0(Native Method)
	at java.base/jdk.internal.reflect.NativeMethodAccessorImpl.invoke(NativeMethodAccessorImpl.java:77)
	at java.base/jdk.internal.reflect.DelegatingMethodAccessorImpl.invoke(DelegatingMethodAccessorImpl.java:43)
	at java.base/java.lang.reflect.Method.invoke(Method.java:568)
	at org.testng.internal.invokers.MethodInvocationHelper.invokeMethod(MethodInvocationHelper.java:141)
	at org.testng.internal.invokers.TestInvoker.invokeMethod(TestInvoker.java:686)
	at org.testng.internal.invokers.TestInvoker.invokeTestMethod(TestInvoker.java:230)
	at org.testng.internal.invokers.MethodRunner.runInSequence(MethodRunner.java:63)
	at org.testng.internal.invokers.TestInvoker$MethodInvocationAgent.invoke(TestInvoker.java:992)
	at org.testng.internal.invokers.TestInvoker.invokeTestMethods(TestInvoker.java:203)
	at org.testng.internal.invokers.TestMethodWorker.invokeTestMethods(TestMethodWorker.java:154)
	at org.testng.internal.invokers.TestMethodWorker.run(TestMethodWorker.java:134)
	at java.base/java.util.ArrayList.forEach(ArrayList.java:1511)
	at org.testng.TestRunner.privateRun(TestRunner.java:739)
	at org.testng.TestRunner.run(TestRunner.java:614)
	at org.testng.SuiteRunner.runTest(SuiteRunner.java:421)
	at org.testng.SuiteRunner.runSequentially(SuiteRunner.java:413)
	at org.testng.SuiteRunner.privateRun(SuiteRunner.java:373)
	at org.testng.SuiteRunner.run(SuiteRunner.java:312)
	at org.testng.SuiteRunnerWorker.runSuite(SuiteRunnerWorker.java:52)
	at org.testng.SuiteRunnerWorker.run(SuiteRunnerWorker.java:95)
	at org.testng.TestNG.runSuitesSequentially(TestNG.java:1274)
	at org.testng.TestNG.runSuitesLocally(TestNG.java:1208)
	at org.testng.TestNG.runSuites(TestNG.java:1112)
	at org.testng.TestNG.run(TestNG.java:1079)
	at org.testng.remote.AbstractRemoteTestNG.run(AbstractRemoteTestNG.java:115)
	at org.testng.remote.RemoteTestNG.initAndRun(RemoteTestNG.java:293)
	at org.testng.remote.RemoteTestNG.main(RemoteTestNG.java:91)
</pre></div></td>
<td>0</td>
<td>testcases.HomePageLogoFailTest@3faf2e7d</td></tr>
</table><p>
<table width='100%' border='1' class='invocation-passed'>
<tr><td colspan='4' align='center'><b>PASSED TESTS</b></td></tr>
<tr><td><b>Test method</b></td>
<td><b>Attribute(s)</b></td>
<td width="30%"><b>Exception</b></td>
<td width="10%"><b>Time (seconds)</b></td>
<td><b>Instance</b></td>
</tr>
<tr>
<td title='testcases.ValidateProductTest.validateProduct()'><b>validateProduct</b><br>Test class: testcases.ValidateProductTest</td>
<td></td>
<td>5</td>
<td>testcases.ValidateProductTest@2a39fe6a</td></tr>
<tr>
<td title='testcases.AddToCartTest.addToCartTest()'><b>addToCartTest</b><br>Test class: testcases.AddToCartTest</td>
<td></td>
<td>5</td>
<td>testcases.AddToCartTest@42b64ab8</td></tr>
<tr>
<td title='testcases.UpdateCartCountTest.updateCartCount()'><b>updateCartCount</b><br>Test class: testcases.UpdateCartCountTest</td>
<td></td>
<td>10</td>
<td>testcases.UpdateCartCountTest@7c351808</td></tr>
<tr>
<td title='testcases.SearchForProductTest.searchForProduct()'><b>searchForProduct</b><br>Test class: testcases.SearchForProductTest</td>
<td></td>
<td>4</td>
<td>testcases.SearchForProductTest@29ef6856</td></tr>
<tr>
<td title='testcases.SelectCategoryTest.selectCategory()'><b>selectCategory</b><br>Test class: testcases.SelectCategoryTest</td>
<td></td>
<td>1</td>
<td>testcases.SelectCategoryTest@21005f6c</td></tr>
<tr>
<td title='testcases.HomePageLogoTest.homePageLogo()'><b>homePageLogo</b><br>Test class: testcases.HomePageLogoTest</td>
<td></td>
<td>0</td>
<td>testcases.HomePageLogoTest@61526469</td></tr>
<tr>
<td title='testcases.CheckMoreTest.checkMore()'><b>checkMore</b><br>Test class: testcases.CheckMoreTest</td>
<td></td>
<td>1</td>
<td>testcases.CheckMoreTest@569bf9eb</td></tr>
<tr>
<td title='testcases.ClearFilterTest.clearFilterTest()'><b>clearFilterTest</b><br>Test class: testcases.ClearFilterTest</td>
<td></td>
<td>9</td>
<td>testcases.ClearFilterTest@ab7a938</td></tr>
<tr>
<td title='testcases.InvalidSearchTest.invalidSearch()'><b>invalidSearch</b><br>Test class: testcases.InvalidSearchTest</td>
<td></td>
<td>3</td>
<td>testcases.InvalidSearchTest@32f0fba8</td></tr>
<tr>
<td title='testcases.FilterByBrandTest.filterByBrand()'><b>filterByBrand</b><br>Test class: testcases.FilterByBrandTest</td>
<td></td>
<td>7</td>
<td>testcases.FilterByBrandTest@3a320ade</td></tr>
<tr>
<td title='testcases.ValidateRatingsTest.validateRatings()'><b>validateRatings</b><br>Test class: testcases.ValidateRatingsTest</td>
<td></td>
<td>6</td>
<td>testcases.ValidateRatingsTest@180e6ac4</td></tr>
<tr>
<td title='testcases.PlaceOrderTest.placeOrder()'><b>placeOrder</b><br>Test class: testcases.PlaceOrderTest</td>
<td></td>
<td>25</td>
<td>testcases.PlaceOrderTest@410ae9a3</td></tr>
<tr>
<td title='testcases.GiftCardPageTest.giftCardPage()'><b>giftCardPage</b><br>Test class: testcases.GiftCardPageTest</td>
<td></td>
<td>5</td>
<td>testcases.GiftCardPageTest@545de5a4</td></tr>
<tr>
<td title='testcases.ValidateSpecificationTest.validateSpecification()'><b>validateSpecification</b><br>Test class: testcases.ValidateSpecificationTest</td>
<td></td>
<td>6</td>
<td>testcases.ValidateSpecificationTest@eb6449b</td></tr>
<tr>
<td title='testcases.SortLowToHighTest.sortLowToHigh()'><b>sortLowToHigh</b><br>Test class: testcases.SortLowToHighTest</td>
<td></td>
<td>7</td>
<td>testcases.SortLowToHighTest@bcec031</td></tr>
<tr>
<td title='testcases.RemoveFromCartTest.removeFromCartTest()'><b>removeFromCartTest</b><br>Test class: testcases.RemoveFromCartTest</td>
<td></td>
<td>6</td>
<td>testcases.RemoveFromCartTest@4648ce9</td></tr>
<tr>
<td title='testcases.FilterByAmountTest.filterByAmount()'><b>filterByAmount</b><br>Test class: testcases.FilterByAmountTest</td>
<td></td>
<td>4</td>
<td>testcases.FilterByAmountTest@76ba13c</td></tr>
<tr>
<td title='testcases.LoginTest.login()'><b>login</b><br>Test class: testcases.LoginTest</td>
<td></td>
<td>1</td>
<td>testcases.LoginTest@274872f8</td></tr>
<tr>
<td title='testcases.CheckPaginationTest.checkPagination()'><b>checkPagination</b><br>Test class: testcases.CheckPaginationTest</td>
<td></td>
<td>4</td>
<td>testcases.CheckPaginationTest@7e985ce9</td></tr>
</table><p>
</body>
</html>