<!DOCTYPE html PUBLIC "-//W3C//DTD XHTML 1.1//EN" "https://www.w3.org/TR/xhtml11/DTD/xhtml11.dtd">
<html xmlns="https://www.w3.org/1999/xhtml">
<head>
<meta http-equiv="content-type" content="text/html; charset=UTF-8"/>
<title>TestNG Report</title>
<style type="text/css">table {margin-bottom:10px;border-collapse:collapse;empty-cells:show}th,td {border:1px solid #009;padding:.25em .5em}th {vertical-align:bottom}td {vertical-align:top}table a {font-weight:bold}.stripe td {background-color: #E6EBF9}.num {text-align:right}.passedodd td {background-color: #3F3}.passedeven td {background-color: #0A0}.skippedodd td {background-color: #DDD}.skippedeven td {background-color: #CCC}.failedodd td,.attn {background-color: #F33}.failedeven td,.stripe .attn {background-color: #D00}.stacktrace {white-space:pre;font-family:monospace}.totop {font-size:85%;text-align:center;border-bottom:2px solid #000}.invisible {display:none}</style>
</head>
<body>
<table>
<tr><th>Test</th><th># Passed</th><th># Skipped</th><th># Retried</th><th># Failed</th><th>Time (ms)</th><th>Included Groups</th><th>Excluded Groups</th></tr>
<tr><th colspan="8">Surefire suite</th></tr>
<tr><td><a href="#t0">Surefire test</a></td><td class="num">17</td><td class="num">0</td><td class="num">0</td><td class="num attn">3</td><td class="num">176,860</td><td></td><td></td></tr>
</table>
<table id='summary'><thead><tr><th>Class</th><th>Method</th><th>Start</th><th>Time (ms)</th></tr></thead><tbody><tr><th colspan="4">Surefire suite</th></tr></tbody><tbody id="t0"><tr><th colspan="4">Surefire test &#8212; failed</th></tr><tr class="failedeven"><td rowspan="1">testcases.ClearFilterTest</td><td><a href="#m0">clearFilterTest</a></td><td rowspan="1">1718560973210</td><td rowspan="1">1841</td></tr><tr class="failedodd"><td rowspan="1">testcases.HomePageLogoFailTest</td><td><a href="#m1">homePageLogoFail</a></td><td rowspan="1">1718561010577</td><td rowspan="1">16</td></tr><tr class="failedeven"><td rowspan="1">testcases.ValidateRatingsTest</td><td><a href="#m2">validateRatings</a></td><td rowspan="1">1718561098029</td><td rowspan="1">9504</td></tr><tr><th colspan="4">Surefire test &#8212; passed</th></tr><tr class="passedeven"><td rowspan="1">testcases.AddToCartTest</td><td><a href="#m3">addToCartTest</a></td><td rowspan="1">1718560948929</td><td rowspan="1">6159</td></tr><tr class="passedodd"><td rowspan="1">testcases.CheckMoreTest</td><td><a href="#m4">checkMore</a></td><td rowspan="1">1718560959677</td><td rowspan="1">1608</td></tr><tr class="passedeven"><td rowspan="1">testcases.CheckPaginationTest</td><td><a href="#m5">checkPagination</a></td><td rowspan="1">1718560965516</td><td rowspan="1">4968</td></tr><tr class="passedodd"><td rowspan="1">testcases.FilterByAmountTest</td><td><a href="#m6">filterByAmount</a></td><td rowspan="1">1718560979686</td><td rowspan="1">4807</td></tr><tr class="passedeven"><td rowspan="1">testcases.FilterByBrandTest</td><td><a href="#m7">filterByBrand</a></td><td rowspan="1">1718560988493</td><td rowspan="1">6750</td></tr><tr class="passedodd"><td rowspan="1">testcases.GiftCardPageTest</td><td><a href="#m8">giftCardPage</a></td><td rowspan="1">1718560999738</td><td rowspan="1">5952</td></tr><tr class="passedeven"><td rowspan="1">testcases.HomePageLogoTest</td><td><a href="#m9">homePageLogo</a></td><td rowspan="1">1718561015322</td><td rowspan="1">17</td></tr><tr class="passedodd"><td rowspan="1">testcases.InvalidSearchTest</td><td><a href="#m10">invalidSearch</a></td><td rowspan="1">1718561019739</td><td rowspan="1">2188</td></tr><tr class="passedeven"><td rowspan="1">testcases.LoginTest</td><td><a href="#m11">login</a></td><td rowspan="1">1718561025924</td><td rowspan="1">2552</td></tr><tr class="passedodd"><td rowspan="1">testcases.PlaceOrderTest</td><td><a href="#m12">placeOrder</a></td><td rowspan="1">1718561033487</td><td rowspan="1">7508</td></tr><tr class="passedeven"><td rowspan="1">testcases.RemoveFromCartTest</td><td><a href="#m13">removeFromCartTest</a></td><td rowspan="1">1718561045397</td><td rowspan="1">6173</td></tr><tr class="passedodd"><td rowspan="1">testcases.SearchForProductTest</td><td><a href="#m14">searchForProduct</a></td><td rowspan="1">1718561055996</td><td rowspan="1">2469</td></tr><tr class="passedeven"><td rowspan="1">testcases.SelectCategoryTest</td><td><a href="#m15">selectCategory</a></td><td rowspan="1">1718561062856</td><td rowspan="1">1799</td></tr><tr class="passedodd"><td rowspan="1">testcases.SortLowToHighTest</td><td><a href="#m16">sortLowToHigh</a></td><td rowspan="1">1718561068818</td><td rowspan="1">3507</td></tr><tr class="passedeven"><td rowspan="1">testcases.UpdateCartCountTest</td><td><a href="#m17">updateCartCount</a></td><td rowspan="1">1718561076782</td><td rowspan="1">6570</td></tr><tr class="passedodd"><td rowspan="1">testcases.ValidateProductTest</td><td><a href="#m18">validateProduct</a></td><td rowspan="1">1718561087302</td><td rowspan="1">5050</td></tr><tr class="passedeven"><td rowspan="1">testcases.ValidateSpecificationTest</td><td><a href="#m19">validateSpecification</a></td><td rowspan="1">1718561111895</td><td rowspan="1">5090</td></tr></tbody>
</table>
<h2>Surefire test</h2><h3 id="m0">testcases.ClearFilterTest#clearFilterTest</h3><table class="result"><tr><th>Exception</th></tr><tr><td><div class="stacktrace">org.openqa.selenium.StaleElementReferenceException: stale element reference: stale element not found in the current frame
  (Session info: chrome=125.0.6422.142)
For documentation on this error, please visit: https://www.selenium.dev/documentation/webdriver/troubleshooting/errors#stale-element-reference-exception
Build info: version: &apos;4.21.0&apos;, revision: &apos;79ed462ef4&apos;
System info: os.name: &apos;Windows 11&apos;, os.arch: &apos;amd64&apos;, os.version: &apos;10.0&apos;, java.version: &apos;17.0.6&apos;
Driver info: org.openqa.selenium.chrome.ChromeDriver
Command: [eb75ec8c5f552250774add5a539cb23f, sendKeysToElement {id=f.8845C18F852AE8BF484A96E008358B16.d.6C6FB0B899326EEA6F385F818570F6A4.e.1, value=[Ljava.lang.CharSequence;@603cabc4}]
Capabilities {acceptInsecureCerts: false, browserName: chrome, browserVersion: 125.0.6422.142, chrome: {chromedriverVersion: 125.0.6422.141 (4b1e8393712..., userDataDir: C:\Users\MUKULC~1\AppData\L...}, fedcm:accounts: true, goog:chromeOptions: {debuggerAddress: localhost:60429}, networkConnectionEnabled: false, pageLoadStrategy: normal, platformName: windows, proxy: Proxy(), se:cdp: ws://localhost:60429/devtoo..., se:cdpVersion: 125.0.6422.142, setWindowRect: true, strictFileInteractability: false, timeouts: {implicit: 0, pageLoad: 300000, script: 30000}, unhandledPromptBehavior: dismiss and notify, webauthn:extension:credBlob: true, webauthn:extension:largeBlob: true, webauthn:extension:minPinLength: true, webauthn:extension:prf: true, webauthn:virtualAuthenticators: true}
Element: [[ChromeDriver: chrome on windows (eb75ec8c5f552250774add5a539cb23f)] -&gt; css selector: input[title=&quot;Search for Products, Brands and More&quot;]]
Session ID: eb75ec8c5f552250774add5a539cb23f
	at org.openqa.selenium.remote.ErrorCodec.decode(ErrorCodec.java:167)
	at org.openqa.selenium.remote.codec.w3c.W3CHttpResponseCodec.decode(W3CHttpResponseCodec.java:138)
	at org.openqa.selenium.remote.codec.w3c.W3CHttpResponseCodec.decode(W3CHttpResponseCodec.java:50)
	at org.openqa.selenium.remote.HttpCommandExecutor.execute(HttpCommandExecutor.java:190)
	at org.openqa.selenium.remote.service.DriverCommandExecutor.invokeExecute(DriverCommandExecutor.java:216)
	at org.openqa.selenium.remote.service.DriverCommandExecutor.execute(DriverCommandExecutor.java:174)
	at org.openqa.selenium.remote.RemoteWebDriver.execute(RemoteWebDriver.java:518)
	at org.openqa.selenium.remote.RemoteWebElement.execute(RemoteWebElement.java:223)
	at org.openqa.selenium.remote.RemoteWebElement.sendKeys(RemoteWebElement.java:110)
	at pages.HomePage.searchForProduct(HomePage.java:31)
	at testcases.ClearFilterTest.clearFilterTest(ClearFilterTest.java:17)
	at java.base/java.util.ArrayList.forEach(ArrayList.java:1511)
... Removed 37 stack frames</div></td></tr></table><p class="totop"><a href="#summary">back to summary</a></p>
<h3 id="m1">testcases.HomePageLogoFailTest#homePageLogoFail</h3><table class="result"><tr><th>Exception</th></tr><tr><td><div class="stacktrace">java.lang.AssertionError: expected [Failed test case] but found [Online Shopping Site for Mobiles, Electronics, Furniture, Grocery, Lifestyle, Books &amp; More. Best Offers!]
	at testcases.HomePageLogoFailTest.homePageLogoFail(HomePageLogoFailTest.java:11)
	at java.base/java.util.ArrayList.forEach(ArrayList.java:1511)
... Removed 38 stack frames</div></td></tr></table><p class="totop"><a href="#summary">back to summary</a></p>
<h3 id="m2">testcases.ValidateRatingsTest#validateRatings</h3><table class="result"><tr><th>Exception</th></tr><tr><td><div class="stacktrace">org.openqa.selenium.NoSuchElementException: no such element: Unable to locate element: {&quot;method&quot;:&quot;css selector&quot;,&quot;selector&quot;:&quot;.Y1HWO0&quot;}
  (Session info: chrome=125.0.6422.142)
For documentation on this error, please visit: https://www.selenium.dev/documentation/webdriver/troubleshooting/errors#no-such-element-exception
Build info: version: &apos;4.21.0&apos;, revision: &apos;79ed462ef4&apos;
System info: os.name: &apos;Windows 11&apos;, os.arch: &apos;amd64&apos;, os.version: &apos;10.0&apos;, java.version: &apos;17.0.6&apos;
Driver info: org.openqa.selenium.chrome.ChromeDriver
Command: [cda6d16a2393784c85e98e60e41fe8ab, findElement {using=class name, value=Y1HWO0}]
Capabilities {acceptInsecureCerts: false, browserName: chrome, browserVersion: 125.0.6422.142, chrome: {chromedriverVersion: 125.0.6422.141 (4b1e8393712..., userDataDir: C:\Users\MUKULC~1\AppData\L...}, fedcm:accounts: true, goog:chromeOptions: {debuggerAddress: localhost:61206}, networkConnectionEnabled: false, pageLoadStrategy: normal, platformName: windows, proxy: Proxy(), se:cdp: ws://localhost:61206/devtoo..., se:cdpVersion: 125.0.6422.142, setWindowRect: true, strictFileInteractability: false, timeouts: {implicit: 0, pageLoad: 300000, script: 30000}, unhandledPromptBehavior: dismiss and notify, webauthn:extension:credBlob: true, webauthn:extension:largeBlob: true, webauthn:extension:minPinLength: true, webauthn:extension:prf: true, webauthn:virtualAuthenticators: true}
Session ID: cda6d16a2393784c85e98e60e41fe8ab
	at org.openqa.selenium.remote.ErrorCodec.decode(ErrorCodec.java:167)
	at org.openqa.selenium.remote.codec.w3c.W3CHttpResponseCodec.decode(W3CHttpResponseCodec.java:138)
	at org.openqa.selenium.remote.codec.w3c.W3CHttpResponseCodec.decode(W3CHttpResponseCodec.java:50)
	at org.openqa.selenium.remote.HttpCommandExecutor.execute(HttpCommandExecutor.java:190)
	at org.openqa.selenium.remote.service.DriverCommandExecutor.invokeExecute(DriverCommandExecutor.java:216)
	at org.openqa.selenium.remote.service.DriverCommandExecutor.execute(DriverCommandExecutor.java:174)
	at org.openqa.selenium.remote.RemoteWebDriver.execute(RemoteWebDriver.java:518)
	at org.openqa.selenium.remote.ElementLocation$ElementFinder$2.findElement(ElementLocation.java:165)
	at org.openqa.selenium.remote.ElementLocation.findElement(ElementLocation.java:59)
	at org.openqa.selenium.remote.RemoteWebDriver.findElement(RemoteWebDriver.java:355)
	at org.openqa.selenium.remote.RemoteWebDriver.findElement(RemoteWebDriver.java:349)
	at pages.ProductPage.getRating(ProductPage.java:34)
	at testcases.ValidateRatingsTest.validateRatings(ValidateRatingsTest.java:26)
	at java.base/java.util.ArrayList.forEach(ArrayList.java:1511)
... Removed 37 stack frames</div></td></tr></table><p class="totop"><a href="#summary">back to summary</a></p>
<h3 id="m3">testcases.AddToCartTest#addToCartTest</h3><table class="result"><tr><th class="invisible"/></tr></table><p class="totop"><a href="#summary">back to summary</a></p>
<h3 id="m4">testcases.CheckMoreTest#checkMore</h3><table class="result"><tr><th class="invisible"/></tr></table><p class="totop"><a href="#summary">back to summary</a></p>
<h3 id="m5">testcases.CheckPaginationTest#checkPagination</h3><table class="result"><tr><th class="invisible"/></tr></table><p class="totop"><a href="#summary">back to summary</a></p>
<h3 id="m6">testcases.FilterByAmountTest#filterByAmount</h3><table class="result"><tr><th class="invisible"/></tr></table><p class="totop"><a href="#summary">back to summary</a></p>
<h3 id="m7">testcases.FilterByBrandTest#filterByBrand</h3><table class="result"><tr><th class="invisible"/></tr></table><p class="totop"><a href="#summary">back to summary</a></p>
<h3 id="m8">testcases.GiftCardPageTest#giftCardPage</h3><table class="result"><tr><th class="invisible"/></tr></table><p class="totop"><a href="#summary">back to summary</a></p>
<h3 id="m9">testcases.HomePageLogoTest#homePageLogo</h3><table class="result"><tr><th class="invisible"/></tr></table><p class="totop"><a href="#summary">back to summary</a></p>
<h3 id="m10">testcases.InvalidSearchTest#invalidSearch</h3><table class="result"><tr><th class="invisible"/></tr></table><p class="totop"><a href="#summary">back to summary</a></p>
<h3 id="m11">testcases.LoginTest#login</h3><table class="result"><tr><th class="invisible"/></tr></table><p class="totop"><a href="#summary">back to summary</a></p>
<h3 id="m12">testcases.PlaceOrderTest#placeOrder</h3><table class="result"><tr><th class="invisible"/></tr></table><p class="totop"><a href="#summary">back to summary</a></p>
<h3 id="m13">testcases.RemoveFromCartTest#removeFromCartTest</h3><table class="result"><tr><th class="invisible"/></tr></table><p class="totop"><a href="#summary">back to summary</a></p>
<h3 id="m14">testcases.SearchForProductTest#searchForProduct</h3><table class="result"><tr><th class="invisible"/></tr></table><p class="totop"><a href="#summary">back to summary</a></p>
<h3 id="m15">testcases.SelectCategoryTest#selectCategory</h3><table class="result"><tr><th class="invisible"/></tr></table><p class="totop"><a href="#summary">back to summary</a></p>
<h3 id="m16">testcases.SortLowToHighTest#sortLowToHigh</h3><table class="result"><tr><th class="invisible"/></tr></table><p class="totop"><a href="#summary">back to summary</a></p>
<h3 id="m17">testcases.UpdateCartCountTest#updateCartCount</h3><table class="result"><tr><th class="invisible"/></tr></table><p class="totop"><a href="#summary">back to summary</a></p>
<h3 id="m18">testcases.ValidateProductTest#validateProduct</h3><table class="result"><tr><th class="invisible"/></tr></table><p class="totop"><a href="#summary">back to summary</a></p>
<h3 id="m19">testcases.ValidateSpecificationTest#validateSpecification</h3><table class="result"><tr><th class="invisible"/></tr></table><p class="totop"><a href="#summary">back to summary</a></p>
</body>
</html>
